<?xml version="1.0" encoding="UTF-8"?>
<!-- Generated by org.testng.reporters.JUnitReportReporter -->
<testsuite hostname="DESKTOP-8O20TP2" failures="0" tests="4" name="stepdefinitions.SauceTest" time="91.926" errors="0" timestamp="2022-03-09T17:37:53 CST" skipped="0">
  <testcase classname="stepdefinitions.SauceTest" name="checkInventoryItemTest" time="23.288"/>
  <system-out/>
  <testcase classname="stepdefinitions.SauceTest" name="checkInventoryItemTest" time="17.984"/>
  <system-out/>
  <testcase classname="stepdefinitions.SauceTest" name="checkAddToCartButtonTest" time="29.616"/>
  <system-out/>
  <testcase classname="stepdefinitions.SauceTest" name="checkAddToCartButtonTest" time="21.038"/>
  <system-out/>
</testsuite> <!-- stepdefinitions.SauceTest -->
